<?xml version="1.0" encoding="UTF-8"?>
<!-- Generated by org.testng.reporters.JUnitXMLReporter -->
<testsuite hostname="CLPSTPDFC472" ignored="0" name="Test" tests="5" failures="0" timestamp="11 Jun 2019 04:21:20 GMT" time="64.023" errors="0">
  <testcase name="TestCase_1_ValidLogin" time="8.028" classname="script.T1_LoginFunctionality"/>
  <testcase name="TestCase_1_ValidLogin" time="17.235" classname="script.T2_HomePageFunctionality"/>
  <testcase name="TestCase_2_InvalidLogin" time="3.409" classname="script.T1_LoginFunctionality"/>
  <testcase name="TestCase_3_InvalidBlankLogin" time="3.467" classname="script.T1_LoginFunctionality"/>
  <testcase name="TestCase_4_ForgotLinkVerify" time="7.349" classname="script.T1_LoginFunctionality"/>
</testsuite> <!-- Test -->
